<?xml version="1.0" encoding="UTF-8"?>
<testsuite name="com.goretex.book.springboot.web.IndexControllerTest" tests="1" skipped="0" failures="0" errors="0" timestamp="2021-07-10T01:20:50" hostname="DESKTOP-D3ACIS6" time="0.188">
  <properties/>
  <testcase name="메인페이지_로딩" classname="com.goretex.book.springboot.web.IndexControllerTest" time="0.188"/>
  <system-out><![CDATA[2021-07-10 10:20:47.617  INFO 10880 --- [    Test worker] .b.t.c.SpringBootTestContextBootstrapper : Neither @ContextConfiguration nor @ContextHierarchy found for test class [com.goretex.book.springboot.web.IndexControllerTest], using SpringBootContextLoader
2021-07-10 10:20:47.619  INFO 10880 --- [    Test worker] o.s.t.c.support.AbstractContextLoader    : Could not detect default resource locations for test class [com.goretex.book.springboot.web.IndexControllerTest]: no resource found for suffixes {-context.xml, Context.groovy}.
2021-07-10 10:20:47.619  INFO 10880 --- [    Test worker] t.c.s.AnnotationConfigContextLoaderUtils : Could not detect default configuration classes for test class [com.goretex.book.springboot.web.IndexControllerTest]: IndexControllerTest does not declare any static, non-private, non-final, nested classes annotated with @Configuration.
2021-07-10 10:20:47.620  INFO 10880 --- [    Test worker] .b.t.c.SpringBootTestContextBootstrapper : Found @SpringBootConfiguration com.goretex.book.springboot.Application for test class com.goretex.book.springboot.web.IndexControllerTest
2021-07-10 10:20:47.622  INFO 10880 --- [    Test worker] .b.t.c.SpringBootTestContextBootstrapper : Loaded default TestExecutionListener class names from location [META-INF/spring.factories]: [org.springframework.security.test.context.support.WithSecurityContextTestExecutionListener, org.springframework.security.test.context.support.ReactorContextTestExecutionListener, org.springframework.boot.test.autoconfigure.restdocs.RestDocsTestExecutionListener, org.springframework.boot.test.autoconfigure.web.client.MockRestServiceServerResetTestExecutionListener, org.springframework.boot.test.autoconfigure.web.servlet.MockMvcPrintOnlyOnFailureTestExecutionListener, org.springframework.boot.test.autoconfigure.web.servlet.WebDriverTestExecutionListener, org.springframework.boot.test.mock.mockito.MockitoTestExecutionListener, org.springframework.boot.test.mock.mockito.ResetMocksTestExecutionListener, org.springframework.test.context.web.ServletTestExecutionListener, org.springframework.test.context.support.DirtiesContextBeforeModesTestExecutionListener, org.springframework.test.context.support.DependencyInjectionTestExecutionListener, org.springframework.test.context.support.DirtiesContextTestExecutionListener, org.springframework.test.context.transaction.TransactionalTestExecutionListener, org.springframework.test.context.jdbc.SqlScriptsTestExecutionListener]
2021-07-10 10:20:47.623  INFO 10880 --- [    Test worker] .b.t.c.SpringBootTestContextBootstrapper : Using TestExecutionListeners: [org.springframework.test.context.web.ServletTestExecutionListener@3b3ac428, org.springframework.test.context.support.DirtiesContextBeforeModesTestExecutionListener@6a3fd156, org.springframework.boot.test.mock.mockito.MockitoTestExecutionListener@3e06fe5f, org.springframework.boot.test.autoconfigure.SpringBootDependencyInjectionTestExecutionListener@32c6f6a8, org.springframework.test.context.support.DirtiesContextTestExecutionListener@5f307f5c, org.springframework.test.context.transaction.TransactionalTestExecutionListener@4b11a08d, org.springframework.test.context.jdbc.SqlScriptsTestExecutionListener@42ec4bb6, org.springframework.security.test.context.support.WithSecurityContextTestExecutionListener@471a96f5, org.springframework.security.test.context.support.ReactorContextTestExecutionListener@1b0ccbd5, org.springframework.boot.test.autoconfigure.restdocs.RestDocsTestExecutionListener@5d5f05f1, org.springframework.boot.test.autoconfigure.web.client.MockRestServiceServerResetTestExecutionListener@7d4e5417, org.springframework.boot.test.autoconfigure.web.servlet.MockMvcPrintOnlyOnFailureTestExecutionListener@6e70c875, org.springframework.boot.test.autoconfigure.web.servlet.WebDriverTestExecutionListener@13dfe40d, org.springframework.boot.test.mock.mockito.ResetMocksTestExecutionListener@368a1b0a]

  .   ____          _            __ _ _
 /\\ / ___'_ __ _ _(_)_ __  __ _ \ \ \ \
( ( )\___ | '_ | '_| | '_ \/ _` | \ \ \ \
 \\/  ___)| |_)| | | | | || (_| |  ) ) ) )
  '  |____| .__|_| |_|_| |_\__, | / / / /
 =========|_|==============|___/=/_/_/_/
 :: Spring Boot ::        (v2.1.7.RELEASE)

2021-07-10 10:20:47.667  INFO 10880 --- [    Test worker] c.g.b.s.web.IndexControllerTest          : Starting IndexControllerTest on DESKTOP-D3ACIS6 with PID 10880 (started by cho in C:\Users\cho\Desktop\workspace\javaSpring\hello-spring\springboot-webservice)
2021-07-10 10:20:47.667  INFO 10880 --- [    Test worker] c.g.b.s.web.IndexControllerTest          : No active profile set, falling back to default profiles: default
2021-07-10 10:20:47.939  INFO 10880 --- [    Test worker] .s.d.r.c.RepositoryConfigurationDelegate : Bootstrapping Spring Data repositories in DEFAULT mode.
2021-07-10 10:20:47.972  INFO 10880 --- [    Test worker] .s.d.r.c.RepositoryConfigurationDelegate : Finished Spring Data repository scanning in 33ms. Found 2 repository interfaces.
2021-07-10 10:20:48.078  INFO 10880 --- [    Test worker] trationDelegate$BeanPostProcessorChecker : Bean 'org.springframework.transaction.annotation.ProxyTransactionManagementConfiguration' of type [org.springframework.transaction.annotation.ProxyTransactionManagementConfiguration$$EnhancerBySpringCGLIB$$f985d6f4] is not eligible for getting processed by all BeanPostProcessors (for example: not eligible for auto-proxying)
2021-07-10 10:20:48.365  INFO 10880 --- [    Test worker] o.s.b.w.embedded.tomcat.TomcatWebServer  : Tomcat initialized with port(s): 0 (http)
2021-07-10 10:20:48.399  INFO 10880 --- [    Test worker] o.apache.catalina.core.StandardService   : Starting service [Tomcat]
2021-07-10 10:20:48.400  INFO 10880 --- [    Test worker] org.apache.catalina.core.StandardEngine  : Starting Servlet engine: [Apache Tomcat/9.0.22]
2021-07-10 10:20:48.609  INFO 10880 --- [    Test worker] o.a.c.c.C.[Tomcat].[localhost].[/]       : Initializing Spring embedded WebApplicationContext
2021-07-10 10:20:48.610  INFO 10880 --- [    Test worker] o.s.web.context.ContextLoader            : Root WebApplicationContext: initialization completed in 940 ms
2021-07-10 10:20:48.832  INFO 10880 --- [    Test worker] com.zaxxer.hikari.HikariDataSource       : HikariPool-2 - Starting...
2021-07-10 10:20:48.833  INFO 10880 --- [    Test worker] com.zaxxer.hikari.HikariDataSource       : HikariPool-2 - Start completed.
2021-07-10 10:20:48.884  INFO 10880 --- [    Test worker] o.hibernate.jpa.internal.util.LogHelper  : HHH000204: Processing PersistenceUnitInfo [
	name: default
	...]
2021-07-10 10:20:48.899  INFO 10880 --- [    Test worker] org.hibernate.dialect.Dialect            : HHH000400: Using dialect: org.hibernate.dialect.MySQL5InnoDBDialect
Hibernate: drop table if exists posts
Hibernate: drop table if exists user
Hibernate: create table posts (id bigint not null auto_increment, created_date datetime, modified_date datetime, author varchar(255), content TEXT not null, title varchar(500) not null, primary key (id)) engine=InnoDB
Hibernate: create table user (id bigint not null auto_increment, created_date datetime, modified_date datetime, email varchar(255) not null, name varchar(255) not null, picture varchar(255), role varchar(255) not null, primary key (id)) engine=InnoDB
2021-07-10 10:20:48.961  INFO 10880 --- [    Test worker] o.h.t.schema.internal.SchemaCreatorImpl  : HHH000476: Executing import script 'org.hibernate.tool.schema.internal.exec.ScriptSourceInputNonExistentImpl@6123ef3c'
2021-07-10 10:20:48.961  INFO 10880 --- [    Test worker] j.LocalContainerEntityManagerFactoryBean : Initialized JPA EntityManagerFactory for persistence unit 'default'
2021-07-10 10:20:49.313  INFO 10880 --- [    Test worker] o.h.h.i.QueryTranslatorFactoryInitiator  : HHH000397: Using ASTQueryTranslatorFactory
2021-07-10 10:20:49.502  INFO 10880 --- [    Test worker] o.s.s.web.DefaultSecurityFilterChain     : Creating filter chain: any request, [org.springframework.security.web.context.request.async.WebAsyncManagerIntegrationFilter@62ad7d8f, org.springframework.security.web.context.SecurityContextPersistenceFilter@2dbf188c, org.springframework.security.web.header.HeaderWriterFilter@794975b5, org.springframework.security.web.authentication.logout.LogoutFilter@9fbedd1, org.springframework.security.oauth2.client.web.OAuth2AuthorizationRequestRedirectFilter@3d52cbf8, org.springframework.security.oauth2.client.web.OAuth2LoginAuthenticationFilter@5221da6d, org.springframework.security.web.authentication.ui.DefaultLoginPageGeneratingFilter@5c55f5af, org.springframework.security.web.authentication.ui.DefaultLogoutPageGeneratingFilter@613e2327, org.springframework.security.web.savedrequest.RequestCacheAwareFilter@28c7a347, org.springframework.security.web.servletapi.SecurityContextHolderAwareRequestFilter@1a118f37, org.springframework.security.web.authentication.AnonymousAuthenticationFilter@4a9839f3, org.springframework.security.web.session.SessionManagementFilter@391fe3b1, org.springframework.security.web.access.ExceptionTranslationFilter@2024bb3f, org.springframework.security.web.access.intercept.FilterSecurityInterceptor@ec1aa2f]
2021-07-10 10:20:49.778  INFO 10880 --- [    Test worker] o.s.s.concurrent.ThreadPoolTaskExecutor  : Initializing ExecutorService 'applicationTaskExecutor'
2021-07-10 10:20:49.796  WARN 10880 --- [    Test worker] aWebConfiguration$JpaWebMvcConfiguration : spring.jpa.open-in-view is enabled by default. Therefore, database queries may be performed during view rendering. Explicitly configure spring.jpa.open-in-view to disable this warning
2021-07-10 10:20:49.830  INFO 10880 --- [    Test worker] o.s.b.a.w.s.WelcomePageHandlerMapping    : Adding welcome page template: index
2021-07-10 10:20:50.195  INFO 10880 --- [    Test worker] s.a.ScheduledAnnotationBeanPostProcessor : No TaskScheduler/ScheduledExecutorService bean found for scheduled processing
2021-07-10 10:20:50.217  INFO 10880 --- [    Test worker] o.s.b.w.embedded.tomcat.TomcatWebServer  : Tomcat started on port(s): 62672 (http) with context path ''
2021-07-10 10:20:50.218  INFO 10880 --- [    Test worker] c.g.b.s.web.IndexControllerTest          : Started IndexControllerTest in 2.593 seconds (JVM running for 12.486)
2021-07-10 10:20:50.313  INFO 10880 --- [o-auto-1-exec-2] o.a.c.c.C.[Tomcat].[localhost].[/]       : Initializing Spring DispatcherServlet 'dispatcherServlet'
2021-07-10 10:20:50.313  INFO 10880 --- [o-auto-1-exec-2] o.s.web.servlet.DispatcherServlet        : Initializing Servlet 'dispatcherServlet'
2021-07-10 10:20:50.333  INFO 10880 --- [o-auto-1-exec-2] o.s.web.servlet.DispatcherServlet        : Completed initialization in 20 ms
Hibernate: select posts0_.id as id1_0_, posts0_.created_date as created_2_0_, posts0_.modified_date as modified3_0_, posts0_.author as author4_0_, posts0_.content as content5_0_, posts0_.title as title6_0_ from posts posts0_ order by posts0_.id DESC
]]></system-out>
  <system-err><![CDATA[]]></system-err>
</testsuite>
